Arguments: 
  /usr/bin/node /usr/share/yarn/bin/yarn.js

PATH: 
  /home/pouya/.vscode-server/bin/97dec172d3256f8ca4bfb2143f3f76b503ca0534/bin/remote-cli:/usr/local/sbin:/usr/local/bin:/usr/sbin:/usr/bin:/sbin:/bin:/usr/games:/usr/local/games:/usr/lib/wsl/lib:/mnt/c/Program Files/Microsoft/jdk-11.0.16.101-hotspot/bin:/mnt/c/Program Files/Common Files/Microsoft Shared/Microsoft Online Services:/mnt/c/Program Files (x86)/Common Files/Microsoft Shared/Microsoft Online Services:/mnt/c/Program Files (x86)/Common Files/Oracle/Java/javapath:/mnt/c/Windows/system32:/mnt/c/Windows:/mnt/c/Windows/System32/Wbem:/mnt/c/Windows/System32/WindowsPowerShell/v1.0/:/mnt/c/Windows/System32/OpenSSH/:/mnt/c/Program Files/dotnet/:/mnt/c/Program Files/Microsoft SQL Server/130/Tools/Binn/:/mnt/c/Program Files/Microsoft SQL Server/Client SDK/ODBC/170/Tools/Binn/:/mnt/c/Program Files (x86)/Microsoft SQL Server/150/Tools/Binn/:/mnt/c/Program Files/Microsoft SQL Server/150/Tools/Binn/:/mnt/c/Program Files/Microsoft SQL Server/150/DTS/Binn/:/mnt/c/Program Files (x86)/Microsoft SQL Server/150/DTS/Binn/:/mnt/c/Program Files/Microsoft SQL Server/140/Tools/Binn/:/mnt/c/Program Files/Git/cmd:/mnt/c/Program Files/Git/mingw64/bin:/mnt/c/Program Files/Git/usr/bin:/mnt/c/Program Files/nodejs/:/mnt/c/Program Files/PowerShell/7/:/mnt/c/Program Files/Docker/Docker/resources/bin:/mnt/d/ProgramData/Continuum/anaconda3:/mnt/d/ProgramData/Continuum/anaconda3/Library/mingw-w64/bin:/mnt/d/ProgramData/Continuum/anaconda3/Library/usr/bin:/mnt/d/ProgramData/Continuum/anaconda3/Library/bin:/mnt/d/ProgramData/Continuum/anaconda3/Scripts:/mnt/c/Users/user10/AppData/Local/Microsoft/WindowsApps:/mnt/c/Program Files/Azure Data Studio/bin:/mnt/c/Users/user10/.dotnet/tools:/mnt/c/Users/user10/AppData/Roaming/npm:/mnt/c/Users/user10/AppData/Local/Programs/oh-my-posh/bin:/mnt/c/Users/user10/AppData/Local/Microsoft/WinGet/Links:/mnt/c/Users/user10/AppData/Local/Programs/Microsoft VS Code/bin

Yarn version: 
  1.22.19

Node version: 
  14.21.2

Platform: 
  linux x64

Trace: 
  Error [ERR_TLS_CERT_ALTNAME_INVALID]: Hostname/IP does not match certificate's altnames: Host: github.com. is not in the cert's altnames: DNS:google.com, DNS:*.appengine.google.com, DNS:*.bdn.dev, DNS:*.origin-test.bdn.dev, DNS:*.cloud.google.com, DNS:*.crowdsource.google.com, DNS:*.datacompute.google.com, DNS:*.google.ca, DNS:*.google.cl, DNS:*.google.co.in, DNS:*.google.co.jp, DNS:*.google.co.uk, DNS:*.google.com.ar, DNS:*.google.com.au, DNS:*.google.com.br, DNS:*.google.com.co, DNS:*.google.com.mx, DNS:*.google.com.tr, DNS:*.google.com.vn, DNS:*.google.de, DNS:*.google.es, DNS:*.google.fr, DNS:*.google.hu, DNS:*.google.it, DNS:*.google.nl, DNS:*.google.pl, DNS:*.google.pt, DNS:*.googleadapis.com, DNS:*.googleapis.cn, DNS:*.googlevideo.com, DNS:*.gstatic.cn, DNS:*.gstatic-cn.com, DNS:googlecnapps.cn, DNS:*.googlecnapps.cn, DNS:googleapps-cn.com, DNS:*.googleapps-cn.com, DNS:gkecnapps.cn, DNS:*.gkecnapps.cn, DNS:googledownloads.cn, DNS:*.googledownloads.cn, DNS:recaptcha.net.cn, DNS:*.recaptcha.net.cn, DNS:recaptcha-cn.net, DNS:*.recaptcha-cn.net, DNS:widevine.cn, DNS:*.widevine.cn, DNS:ampproject.org.cn, DNS:*.ampproject.org.cn, DNS:ampproject.net.cn, DNS:*.ampproject.net.cn, DNS:google-analytics-cn.com, DNS:*.google-analytics-cn.com, DNS:googleadservices-cn.com, DNS:*.googleadservices-cn.com, DNS:googlevads-cn.com, DNS:*.googlevads-cn.com, DNS:googleapis-cn.com, DNS:*.googleapis-cn.com, DNS:googleoptimize-cn.com, DNS:*.googleoptimize-cn.com, DNS:doubleclick-cn.net, DNS:*.doubleclick-cn.net, DNS:*.fls.doubleclick-cn.net, DNS:*.g.doubleclick-cn.net, DNS:doubleclick.cn, DNS:*.doubleclick.cn, DNS:*.fls.doubleclick.cn, DNS:*.g.doubleclick.cn, DNS:dartsearch-cn.net, DNS:*.dartsearch-cn.net, DNS:googletraveladservices-cn.com, DNS:*.googletraveladservices-cn.com, DNS:googletagservices-cn.com, DNS:*.googletagservices-cn.com, DNS:googletagmanager-cn.com, DNS:*.googletagmanager-cn.com, DNS:googlesyndication-cn.com, DNS:*.googlesyndication-cn.com, DNS:*.safeframe.googlesyndication-cn.com, DNS:app-measurement-cn.com, DNS:*.app-measurement-cn.com, DNS:gvt1-cn.com, DNS:*.gvt1-cn.com, DNS:gvt2-cn.com, DNS:*.gvt2-cn.com, DNS:2mdn-cn.net, DNS:*.2mdn-cn.net, DNS:googleflights-cn.net, DNS:*.googleflights-cn.net, DNS:admob-cn.com, DNS:*.admob-cn.com, DNS:googlesandbox-cn.com, DNS:*.googlesandbox-cn.com, DNS:*.safenup.googlesandbox-cn.com, DNS:*.gstatic.com, DNS:*.metric.gstatic.com, DNS:*.gvt1.com, DNS:*.gcpcdn.gvt1.com, DNS:*.gvt2.com, DNS:*.gcp.gvt2.com, DNS:*.url.google.com, DNS:*.youtube-nocookie.com, DNS:*.ytimg.com, DNS:android.com, DNS:*.android.com, DNS:*.flash.android.com, DNS:g.cn, DNS:*.g.cn, DNS:g.co, DNS:*.g.co, DNS:goo.gl, DNS:www.goo.gl, DNS:google-analytics.com, DNS:*.google-analytics.com, DNS:*.google.com, DNS:googlecommerce.com, DNS:*.googlecommerce.com, DNS:ggpht.cn, DNS:*.ggpht.cn, DNS:urchin.com, DNS:*.urchin.com, DNS:youtu.be, DNS:youtube.com, DNS:*.youtube.com, DNS:youtubeeducation.com, DNS:*.youtubeeducation.com, DNS:youtubekids.com, DNS:*.youtubekids.com, DNS:yt.be, DNS:*.yt.be, DNS:android.clients.google.com, DNS:developer.android.google.cn, DNS:developers.android.google.cn, DNS:source.android.google.cn, DNS:google.ac, DNS:*.google.ac, DNS:google.ad, DNS:*.google.ad, DNS:google.ae, DNS:*.google.ae, DNS:google.af, DNS:*.google.af, DNS:google.ag, DNS:*.google.ag, DNS:google.ai, DNS:*.google.ai, DNS:google.al, DNS:*.google.al, DNS:google.am, DNS:*.google.am, DNS:google.as, DNS:*.google.as, DNS:google.at, DNS:*.google.at, DNS:google.az, DNS:*.google.az, DNS:google.ba, DNS:*.google.ba, DNS:google.be, DNS:*.google.be, DNS:google.bf, DNS:*.google.bf, DNS:google.bg, DNS:*.google.bg, DNS:google.bi, DNS:*.google.bi, DNS:google.bj, DNS:*.google.bj, DNS:google.bs, DNS:*.google.bs, DNS:google.bt, DNS:*.google.bt, DNS:google.by, DNS:*.google.by, DNS:google.bzh, DNS:*.google.bzh, DNS:google.ca, DNS:google.cat, DNS:*.google.cat, DNS:google.cc, DNS:*.google.cc, DNS:google.cd, DNS:*.google.cd, DNS:google.cf, DNS:*.google.cf, DNS:google.cg, DNS:*.google.cg, DNS:google.ch, DNS:*.google.ch, DNS:google.ci, DNS:*.google.ci, DNS:google.cl, DNS:google.cm, DNS:*.google.cm, DNS:google.cn, DNS:*.google.cn, DNS:google.co.ao, DNS:*.google.co.ao, DNS:google.co.bw, DNS:*.google.co.bw, DNS:google.co.ck, DNS:*.google.co.ck, DNS:google.co.cr, DNS:*.google.co.cr, DNS:google.co.hu, DNS:*.google.co.hu, DNS:google.co.id, DNS:*.google.co.id, DNS:google.co.il, DNS:*.google.co.il, DNS:google.co.im, DNS:*.google.co.im, DNS:google.co.in, DNS:google.co.je, DNS:*.google.co.je, DNS:google.co.jp, DNS:google.co.ke, DNS:*.google.co.ke, DNS:google.co.kr, DNS:*.google.co.kr, DNS:google.co.ls, DNS:*.google.co.ls, DNS:google.co.ma, DNS:*.google.co.ma, DNS:google.co.mz, DNS:*.google.co.mz, DNS:google.co.nz, DNS:*.google.co.nz, DNS:google.co.th, DNS:*.google.co.th, DNS:google.co.tz, DNS:*.google.co.tz, DNS:google.co.ug, DNS:*.google.co.ug, DNS:google.co.uk, DNS:google.co.uz, DNS:*.google.co.uz, DNS:google.co.ve, DNS:*.google.co.ve, DNS:google.co.vi, DNS:*.google.co.vi, DNS:google.co.za, DNS:*.google.co.za, DNS:google.co.zm, DNS:*.google.co.zm, DNS:google.co.zw, DNS:*.google.co.zw, DNS:google.com.af, DNS:*.google.com.af, DNS:google.com.ag, DNS:*.google.com.ag, DNS:google.com.ai, DNS:*.google.com.ai, DNS:google.com.ar, DNS:google.com.au, DNS:google.com.bd, DNS:*.google.com.bd, DNS:google.com.bh, DNS:*.google.com.bh, DNS:google.com.bn, DNS:*.google.com.bn, DNS:google.com.bo, DNS:*.google.com.bo, DNS:google.com.br, DNS:google.com.by, DNS:*.google.com.by, DNS:google.com.bz, DNS:*.google.com.bz, DNS:google.com.co, DNS:google.com.cu, DNS:*.google.com.cu, DNS:google.com.cy, DNS:*.google.com.cy, DNS:google.com.do, DNS:*.google.com.do, DNS:google.com.ec, DNS:*.google.com.ec, DNS:google.com.eg, DNS:*.google.com.eg, DNS:google.com.et, DNS:*.google.com.et, DNS:google.com.fj, DNS:*.google.com.fj, DNS:google.com.ge, DNS:*.google.com.ge, DNS:google.com.gh, DNS:*.google.com.gh, DNS:google.com.gi, DNS:*.google.com.gi, DNS:google.com.gr, DNS:*.google.com.gr, DNS:google.com.gt, DNS:*.google.com.gt, DNS:google.com.hk, DNS:*.google.com.hk, DNS:google.com.iq, DNS:*.google.com.iq, DNS:google.com.jm, DNS:*.google.com.jm, DNS:google.com.jo, DNS:*.google.com.jo, DNS:google.com.kh, DNS:*.google.com.kh, DNS:google.com.kw, DNS:*.google.com.kw, DNS:google.com.lb, DNS:*.google.com.lb, DNS:google.com.ly, DNS:*.google.com.ly, DNS:google.com.mm, DNS:*.google.com.mm, DNS:google.com.mt, DNS:*.google.com.mt, DNS:google.com.mx, DNS:google.com.my, DNS:*.google.com.my, DNS:google.com.na, DNS:*.google.com.na, DNS:google.com.nf, DNS:*.google.com.nf, DNS:google.com.ng, DNS:*.google.com.ng, DNS:google.com.ni, DNS:*.google.com.ni, DNS:google.com.np, DNS:*.google.com.np, DNS:google.com.nr, DNS:*.google.com.nr, DNS:google.com.om, DNS:*.google.com.om, DNS:google.com.pa, DNS:*.google.com.pa, DNS:google.com.pe, DNS:*.google.com.pe, DNS:google.com.pg, DNS:*.google.com.pg, DNS:google.com.ph, DNS:*.google.com.ph, DNS:google.com.pk, DNS:*.google.com.pk, DNS:google.com.pl, DNS:*.google.com.pl, DNS:google.com.pr, DNS:*.google.com.pr, DNS:google.com.py, DNS:*.google.com.py, DNS:google.com.qa, DNS:*.google.com.qa, DNS:google.com.ru, DNS:*.google.com.ru, DNS:google.com.sa, DNS:*.google.com.sa, DNS:google.com.sb, DNS:*.google.com.sb, DNS:google.com.sg, DNS:*.google.com.sg, DNS:google.com.sl, DNS:*.google.com.sl, DNS:google.com.sv, DNS:*.google.com.sv, DNS:google.com.tj, DNS:*.google.com.tj, DNS:google.com.tn, DNS:*.google.com.tn, DNS:google.com.tr, DNS:google.com.tw, DNS:*.google.com.tw, DNS:google.com.ua, DNS:*.google.com.ua, DNS:google.com.uy, DNS:*.google.com.uy, DNS:google.com.vc, DNS:*.google.com.vc, DNS:google.com.ve, DNS:*.google.com.ve, DNS:google.com.vn, DNS:google.cv, DNS:*.google.cv, DNS:google.cz, DNS:*.google.cz, DNS:google.de, DNS:google.dj, DNS:*.google.dj, DNS:google.dk, DNS:*.google.dk, DNS:google.dm, DNS:*.google.dm, DNS:google.dz, DNS:*.google.dz, DNS:google.ee, DNS:*.google.ee, DNS:google.es, DNS:google.eus, DNS:*.google.eus, DNS:google.fi, DNS:*.google.fi, DNS:google.fm, DNS:*.google.fm, DNS:google.fr, DNS:google.frl, DNS:*.google.frl, DNS:google.ga, DNS:*.google.ga, DNS:google.gal, DNS:*.google.gal, DNS:google.ge, DNS:*.google.ge, DNS:google.gg, DNS:*.google.gg, DNS:google.gl, DNS:*.google.gl, DNS:google.gm, DNS:*.google.gm, DNS:google.gp, DNS:*.google.gp, DNS:google.gr, DNS:*.google.gr, DNS:google.gy, DNS:*.google.gy, DNS:google.hk, DNS:*.google.hk, DNS:google.hn, DNS:*.google.hn, DNS:google.hr, DNS:*.google.hr, DNS:google.ht, DNS:*.google.ht, DNS:google.hu, DNS:google.ie, DNS:*.google.ie, DNS:google.im, DNS:*.google.im, DNS:google.in, DNS:*.google.in, DNS:google.info, DNS:*.google.info, DNS:google.iq, DNS:*.google.iq, DNS:google.ir, DNS:*.google.ir, DNS:google.is, DNS:*.google.is, DNS:google.it, DNS:google.it.ao, DNS:*.google.it.ao, DNS:google.je, DNS:*.google.je, DNS:google.jo, DNS:*.google.jo, DNS:google.jobs, DNS:*.google.jobs, DNS:google.jp, DNS:*.google.jp, DNS:google.kg, DNS:*.google.kg, DNS:google.ki, DNS:*.google.ki, DNS:google.kz, DNS:*.google.kz, DNS:google.la, DNS:*.google.la, DNS:google.li, DNS:*.google.li, DNS:google.lk, DNS:*.google.lk, DNS:google.lt, DNS:*.google.lt, DNS:google.lu, DNS:*.google.lu, DNS:google.lv, DNS:*.google.lv, DNS:google.md, DNS:*.google.md, DNS:google.me, DNS:*.google.me, DNS:google.mg, DNS:*.google.mg, DNS:google.mk, DNS:*.google.mk, DNS:google.ml, DNS:*.google.ml, DNS:google.mn, DNS:*.google.mn, DNS:google.ms, DNS:*.google.ms, DNS:google.mu, DNS:*.google.mu, DNS:google.mv, DNS:*.google.mv, DNS:google.mw, DNS:*.google.mw, DNS:google.ne, DNS:*.google.ne, DNS:google.ne.jp, DNS:*.google.ne.jp, DNS:google.net, DNS:*.google.net, DNS:google.ng, DNS:*.google.ng, DNS:google.nl, DNS:google.no, DNS:*.google.no, DNS:google.nr, DNS:*.google.nr, DNS:google.nu, DNS:*.google.nu, DNS:google.off.ai, DNS:*.google.off.ai, DNS:google.pk, DNS:*.google.pk, DNS:google.pl, DNS:google.pn, DNS:*.google.pn, DNS:google.ps, DNS:*.google.ps, DNS:google.pt, DNS:google.ro, DNS:*.google.ro, DNS:google.rs, DNS:*.google.rs, DNS:google.ru, DNS:*.google.ru, DNS:google.rw, DNS:*.google.rw, DNS:google.sc, DNS:*.google.sc, DNS:google.se, DNS:*.google.se, DNS:google.sh, DNS:*.google.sh, DNS:google.si, DNS:*.google.si, DNS:google.sk, DNS:*.google.sk, DNS:google.sm, DNS:*.google.sm, DNS:google.sn, DNS:*.google.sn, DNS:google.so, DNS:*.google.so, DNS:google.sr, DNS:*.google.sr, DNS:google.st, DNS:*.google.st, DNS:google.td, DNS:*.google.td, DNS:google.tel, DNS:*.google.tel, DNS:google.tg, DNS:*.google.tg, DNS:google.tk, DNS:*.google.tk, DNS:google.tl, DNS:*.google.tl, DNS:google.tm, DNS:*.google.tm, DNS:google.tn, DNS:*.google.tn, DNS:google.to, DNS:*.google.to, DNS:google.tt, DNS:*.google.tt, DNS:google.us, DNS:*.google.us, DNS:google.uz, DNS:*.google.uz, DNS:google.vg, DNS:*.google.vg, DNS:google.vu, DNS:*.google.vu, DNS:google.ws, DNS:*.google.ws, DNS:gstatic.com, DNS:*.2mdn.net, DNS:*.au.doubleclick.net, DNS:*.cc-dt.com, DNS:*.de.doubleclick.net, DNS:doubleclick.com, DNS:*.doubleclick.com, DNS:*.fls.doubleclick.net, DNS:*.fr.doubleclick.net, DNS:*.jp.doubleclick.net, DNS:*.uk.doubleclick.net, DNS:ad.mo.doubleclick.net, DNS:doubleclick.net, DNS:*.doubleclick.net, DNS:*.googleadsserving.cn, DNS:*.googleusercontent.cn, DNS:google.ua, DNS:*.google.ua
      at new NodeError (internal/errors.js:322:7)
      at Object.checkServerIdentity (tls.js:347:12)
      at TLSSocket.onConnectSecure (_tls_wrap.js:1525:27)
      at TLSSocket.emit (events.js:400:28)
      at TLSSocket._finishInit (_tls_wrap.js:937:8)
      at TLSWrap.ssl.onhandshakedone (_tls_wrap.js:709:12)

npm manifest: 
  {
    "name": "ritabot",
    "version": "1.0.0",
    "description": "",
    "main": "src/bot.js",
    "scripts": {
      "start": "node --optimize_for_size --max_old_space_size=3072 src/bot.js",
      "build": "gulp build",
      "coveralls": "gulp coveralls",
      "dev": "gulp watch",
      "lint": "gulp lint",
      "finish": "echo \"All Tests Completed Successfully\" && exit 1"
    },
    "author": "",
    "license": "ISC",
    "devDependencies": {
      "@babel/eslint-parser": "^7.14.7",
      "@kollavarsham/gulp-coveralls": "^0.6.0",
      "babel-eslint": "^10.1.0",
      "braces": "^3.0.2",
      "eslint": "^8.33.0",
      "gulp": "^4.0.2",
      "gulp-eslint": "^6.0.0",
      "gulp-line-ending-corrector": "^1.0.3",
      "gulp-uglify-es": "^3.0.0",
      "rita-gulp-watch": "^5.1.4"
    },
    "dependencies": {
      "@top-gg/sdk": "^3.1.3",
      "common-tags": "^1.8.0",
      "discord.js": "^12.5.3",
      "dotenv": "^16.0.3",
      "rita-google-translate-api": "github:DevilHimSelf666/google-translate-api",
      "iconv-lite": "^0.6.3",
      "iso-639-1": "^2.1.9",
      "lodash": "^4.17.21",
      "make-dir": "^3.1.0",
      "path": "^0.12.7",
      "pg": "^8.9.0",
      "pg-hstore": "^2.3.4",
      "rita-seconds-converter": "^1.3.0",
      "sequelize": "^6.6.5",
      "sqlite3": "^5.0.2",
      "topgg-autoposter": "^2.0.1",
      "webhook-discord": "^3.7.8"
    }
  }

yarn manifest: 
  No manifest

Lockfile: 
  No lockfile
